0.193243 139
16.004235 1
0.119784 1
0.456155 1
0.471847 1
0.200055 1
1.600153 1
0.231853 1
0.984190 1
0.167704 1
0.176278 1
0.239908 1
0.111882 1
0.032087 1
0.199921 1
0.072025 1
0.216212 1
0.103718 1
0.103974 1
0.528295 1
0.119800 1
0.568086 1
0.095860 1
0.488183 1
0.119813 1
0.384122 1
0.399956 1
1.800226 4
0.775817 1
0.183947 1
0.111979 1
0.173720 1
0.159974 1
0.178373 1
0.263966 1
0.127950 1
0.200126 1
0.167946 1
0.175998 1
0.135958 1
2.272384 1
0.767670 2
0.000147 33
0.001949 139
4.078120 38
1.287828 1
0.375880 1
0.883194 9
0.499263 9
0.031397 9
0.029682 9
0.030170 9
0.029816 9
0.030422 9
0.030831 7
0.030921 9
0.030505 9
0.030200 9
0.027443 9
0.032980 9
0.030262 9
0.030760 9
0.030202 9
0.029820 7
0.030127 9
0.030163 7
0.030730 9
0.030535 9
0.029708 7
0.030172 9
0.029748 9
0.029945 9
0.282919 9
0.168019 7
0.159772 9
0.143996 9
1.016172 5
0.167838 5
0.160101 7
0.492109 5
0.091901 5
0.160143 5
0.142197 5
0.105895 7
0.372760 5
0.111272 5
0.492211 5
0.167668 5
0.343969 5
0.136286 5
0.135955 7
0.183925 5
0.119954 5
0.096149 5
0.120024 7
2.048842 5
0.103129 5
0.464048 5
0.271976 5
0.456289 5
0.183707 5
0.128150 7
0.240149 5
0.136140 5
0.087675 5
0.128152 7
0.135910 5
0.144077 5
0.023890 5
0.200207 5
0.128077 7
0.784170 5
0.071753 5
0.112091 5
0.511984 5
0.256109 5
0.167969 5
0.104272 5
0.111806 5
0.136107 7
0.383935 5
0.192111 5
0.391972 5
0.136240 5
0.143914 5
0.159901 5
0.168271 5
0.143804 7
0.227192 5
0.132897 5
0.040018 5
0.152242 7
0.456068 5
0.099042 5
0.482884 5
0.173490 5
0.132590 5
0.367939 5
1.130133 6
1.050511 2
0.000265 66
0.001432 139
11.614687 1
0.103638 1
0.608148 1
0.376198 1
0.735919 2
0.000125 6
